<?xml version="1.0" encoding="UTF-8"?>
<testsuite xmlns:xsi="http://www.w3.org/2001/XMLSchema-instance" xsi:noNamespaceSchemaLocation="https://maven.apache.org/surefire/maven-surefire-plugin/xsd/surefire-test-report.xsd" name="org.elasticsearch.ingest.Test3rdParty" time="1.96" tests="22" errors="0" skipped="0" failures="3">
  <properties>
[...]
</properties>
  <testcase name="testCoreNLP(Elasticsearch is a search engine based on the Lucene library., 1, 10) [0]" classname="org.elasticsearch.ingest.Test3rdParty" time="0"/>
  <testcase name="testCoreNLP(Elasticsearch can be used to search all kinds of documents. It provides scalable search, has near real-time search, and supports multitenancy., 2, 21) [1]" classname="org.elasticsearch.ingest.Test3rdParty" time="0.001"/>
  <testcase name="testHyphenV1(Elasticsearch, 3) [0]" classname="org.elasticsearch.ingest.Test3rdParty" time="1.941"/>
  <testcase name="testHyphenV1(is, 1) [1]" classname="org.elasticsearch.ingest.Test3rdParty" time="0.001"/>
  <testcase name="testHyphenV1(search, 1) [2]" classname="org.elasticsearch.ingest.Test3rdParty" time="0"/>
  <testcase name="testHyphenV1(engine, 2) [3]" classname="org.elasticsearch.ingest.Test3rdParty" time="0"/>
  <testcase name="testHyphenV1(Lucene, 2) [4]" classname="org.elasticsearch.ingest.Test3rdParty" time="0.001"/>
  <testcase name="testHyphenV1(library, 2) [5]" classname="org.elasticsearch.ingest.Test3rdParty" time="0"/>
  <testcase name="testHyphenV1(documents, 3) [6]" classname="org.elasticsearch.ingest.Test3rdParty" time="0.001"/>
  <testcase name="testHyphenV1(real-time, 3) [7]" classname="org.elasticsearch.ingest.Test3rdParty" time="0.003">
    <failure message="&#10;The following assertion failed:&#10;1) [SyllablesV1] expected:&lt;[3]&gt; but was:&lt;[1]&gt;&#10;" type="org.assertj.core.api.SoftAssertionError"><![CDATA[org.assertj.core.api.SoftAssertionError: 

The following assertion failed:
1) [SyllablesV1] expected:<[3]> but was:<[1]>

	at org.elasticsearch.ingest.Test3rdParty.testHyphenV1(Test3rdParty.java:96)
]]></failure>
    <system-out><![CDATA[========= HYPHEN TEST ITEXT7 ===============
real-time	real-time	1
]]></system-out>
  </testcase>
  <testcase name="testHyphenV1(multitenancy, 4) [8]" classname="org.elasticsearch.ingest.Test3rdParty" time="0"/>
  <testcase name="testHyphenV1(today, 2) [9]" classname="org.elasticsearch.ingest.Test3rdParty" time="0.003">
    <failure message="&#10;The following assertion failed:&#10;1) [SyllablesV1] expected:&lt;[2]&gt; but was:&lt;[1]&gt;&#10;" type="org.assertj.core.api.SoftAssertionError"><![CDATA[org.assertj.core.api.SoftAssertionError: 

The following assertion failed:
1) [SyllablesV1] expected:<[2]> but was:<[1]>

	at org.elasticsearch.ingest.Test3rdParty.testHyphenV1(Test3rdParty.java:96)
]]></failure>
    <system-out><![CDATA[========= HYPHEN TEST ITEXT7 ===============
Catched exception:   java.lang.NullPointerException
today	n/a	1
]]></system-out>
  </testcase>
  <testcase name="testHyphenV2(Elasticsearch, 3) [0]" classname="org.elasticsearch.ingest.Test3rdParty" time="0"/>
  <testcase name="testHyphenV2(is, 1) [1]" classname="org.elasticsearch.ingest.Test3rdParty" time="0"/>
  <testcase name="testHyphenV2(search, 1) [2]" classname="org.elasticsearch.ingest.Test3rdParty" time="0"/>
  <testcase name="testHyphenV2(engine, 2) [3]" classname="org.elasticsearch.ingest.Test3rdParty" time="0"/>
  <testcase name="testHyphenV2(Lucene, 2) [4]" classname="org.elasticsearch.ingest.Test3rdParty" time="0.002">
    <failure message="&#10;The following assertion failed:&#10;1) [SyllablesV2] expected:&lt;[2]&gt; but was:&lt;[1]&gt;&#10;" type="org.assertj.core.api.SoftAssertionError"><![CDATA[org.assertj.core.api.SoftAssertionError: 

The following assertion failed:
1) [SyllablesV2] expected:<[2]> but was:<[1]>

	at org.elasticsearch.ingest.Test3rdParty.testHyphenV2(Test3rdParty.java:139)
]]></failure>
    <system-out><![CDATA[========= HYPHEN TEST JHYPHENATOR ===============
Lucene	Lucene	1
]]></system-out>
  </testcase>
  <testcase name="testHyphenV2(library, 2) [5]" classname="org.elasticsearch.ingest.Test3rdParty" time="0"/>
  <testcase name="testHyphenV2(documents, 3) [6]" classname="org.elasticsearch.ingest.Test3rdParty" time="0.001"/>
  <testcase name="testHyphenV2(real-time, 3) [7]" classname="org.elasticsearch.ingest.Test3rdParty" time="0"/>
  <testcase name="testHyphenV2(multitenancy, 4) [8]" classname="org.elasticsearch.ingest.Test3rdParty" time="0.001"/>
  <testcase name="testHyphenV2(today, 2) [9]" classname="org.elasticsearch.ingest.Test3rdParty" time="0"/>
</testsuite>